<?xml version="1.0" encoding="UTF-8"?>
<testsuite name="NewProject/tests" tests="1" failures="0" skipped="0" hostname="ibm-mohitraj" time="0.14" timestamp="Mon Oct 28 21:01:23 IST 2024">
	<properties>
		<property name="excludeCallableTestCases" value="false"/>
		<property name="testEnvironment" value=""/>
		<property name="pluginOutputLevel" value="WARNING"/>
		<property name="projectPath" value=".."/>
		<property name="salesforceMetadataCache" value="Reuse"/>
		<property name="resultsPathDisposition" value="Increment"/>
		<property name="testOutputLevel" value="INFO"/>
		<property name="webBrowserType" value="Chrome"/>
		<property name="resultsPath" value="../ANT/Results"/>
		<property name="webBrowserConfiguration" value="Full Screen"/>
		<property name="projectCachePath" value="C:\Users\mohit.raj\git\repositoryNew\NewProject\ANT\..\..\.provarCaches"/>
	</properties>
	<testcase classname="tests/Test Case 1.testcase" name="Test Case 1.testcase" time="0.14">
	</testcase>
</testsuite>
